<?xml version="1.0" encoding="UTF-8"?>
<testsuite name="C:/Users/Admin/IdeaProjects/APIAutomation_RestAssured/src/test/java/org/CentricToAll1/TestNG/TestNG006.java"
           tests="1"
           failures="0"
           errors="0"
           skipped="0"
           time="1.379">
    <properties></properties>



            <testcase
                name="testPutRequest"
                time="1.379"
                classname="org.CentricToAll1.TestNG.TestNG006">
            </testcase>
</testsuite>
