<?xml version="1.0" encoding="UTF-8"?>
<testsuite name="APIAutomation_RestAssured"
           tests="2"
           failures="0"
           errors="0"
           skipped="0"
           time="0.002">
    <properties></properties>



            <testcase
                name="testcase2"
                time="0.001"
                classname="org.CentricToAll1.TestNG.TestNG002">
            </testcase>
            <testcase
                name="testcase1"
                time="0.001"
                classname="org.CentricToAll1.TestNG.TestNG002">
            </testcase>
</testsuite>
