<?xml version="1.0" encoding="UTF-8"?>
<testsuite name="C:/Users/Admin/IdeaProjects/APIAutomation_RestAssured/src/test/java/org/CentricToAll1/TestNG/Listeners/TC002.java"
           tests="3"
           failures="0"
           errors="0"
           skipped="0"
           time="0.016">
    <properties></properties>



            <testcase
                name="test2"
                time="0.000"
                classname="org.CentricToAll1.TestNG.Listeners.TC002">
            </testcase>
            <testcase
                name="test1"
                time="0.000"
                classname="org.CentricToAll1.TestNG.Listeners.TC002">
            </testcase>
            <testcase
                name="test3"
                time="0.016"
                classname="org.CentricToAll1.TestNG.Listeners.TC002">
            </testcase>
</testsuite>
