<?xml version="1.0" encoding="UTF-8"?>
<testsuite name="APIAutomation_RestAssured"
           tests="5"
           failures="0"
           errors="0"
           skipped="0"
           time="0.031">
    <properties></properties>



            <testcase
                name="testlogin"
                time="0.000"
                classname="org.CentricToAll1.TestNG.DDT.DDT">
            </testcase>
            <testcase
                name="testlogin"
                time="0.015"
                classname="org.CentricToAll1.TestNG.DDT.DDT">
            </testcase>
            <testcase
                name="testlogin"
                time="0.016"
                classname="org.CentricToAll1.TestNG.DDT.DDT">
            </testcase>
            <testcase
                name="testlogin"
                time="0.000"
                classname="org.CentricToAll1.TestNG.DDT.DDT">
            </testcase>
            <testcase
                name="testlogin"
                time="0.000"
                classname="org.CentricToAll1.TestNG.DDT.DDT">
            </testcase>
</testsuite>
