<?xml version="1.0" encoding="UTF-8"?>
<testsuite name="APIAutomation_RestAssured"
           tests="3"
           failures="0"
           errors="0"
           skipped="0"
           time="0.015">
    <properties></properties>



            <testcase
                name="t2"
                time="0.000"
                classname="org.CentricToAll1.TestNG.TestNG007">
            </testcase>
            <testcase
                name="t1"
                time="0.000"
                classname="org.CentricToAll1.TestNG.TestNG007">
            </testcase>
            <testcase
                name="t3"
                time="0.015"
                classname="org.CentricToAll1.TestNG.TestNG007">
            </testcase>
</testsuite>
